2024-10-12T18:49:52.440+05:30  INFO 7860 --- [prod-ready-feature] [main] c.a.p.p.ProdReadyFeatureApplicationTests : Starting ProdReadyFeatureApplicationTests using Java 22.0.2 with PID 7860 (started by DELL in C:\Users\DELL\Desktop\SpringProjects\prod-ready-feature)
2024-10-12T18:49:52.445+05:30  INFO 7860 --- [prod-ready-feature] [main] c.a.p.p.ProdReadyFeatureApplicationTests : No active profile set, falling back to 1 default profile: "default"
2024-10-12T18:49:55.072+05:30  INFO 7860 --- [prod-ready-feature] [main] .s.d.r.c.RepositoryConfigurationDelegate : Bootstrapping Spring Data JPA repositories in DEFAULT mode.
2024-10-12T18:49:55.277+05:30  INFO 7860 --- [prod-ready-feature] [main] .s.d.r.c.RepositoryConfigurationDelegate : Finished Spring Data repository scanning in 185 ms. Found 1 JPA repository interface.
2024-10-12T18:49:56.897+05:30  INFO 7860 --- [prod-ready-feature] [main] o.hibernate.jpa.internal.util.LogHelper  : HHH000204: Processing PersistenceUnitInfo [name: default]
2024-10-12T18:49:57.189+05:30  INFO 7860 --- [prod-ready-feature] [main] org.hibernate.Version                    : HHH000412: Hibernate ORM core version 6.5.3.Final
2024-10-12T18:49:57.307+05:30  INFO 7860 --- [prod-ready-feature] [main] o.h.c.internal.RegionFactoryInitiator    : HHH000026: Second-level cache disabled
2024-10-12T18:49:57.634+05:30  INFO 7860 --- [prod-ready-feature] [main] o.h.e.boot.internal.EnversServiceImpl    : Envers integration enabled? : true
2024-10-12T18:49:58.317+05:30  INFO 7860 --- [prod-ready-feature] [main] o.s.o.j.p.SpringPersistenceUnitInfo      : No LoadTimeWeaver setup: ignoring JPA class transformer
2024-10-12T18:49:58.414+05:30  INFO 7860 --- [prod-ready-feature] [main] com.zaxxer.hikari.HikariDataSource       : HikariPool-1 - Starting...
2024-10-12T18:49:58.913+05:30  INFO 7860 --- [prod-ready-feature] [main] com.zaxxer.hikari.pool.HikariPool        : HikariPool-1 - Added connection com.mysql.cj.jdbc.ConnectionImpl@55e91e61
2024-10-12T18:49:58.918+05:30  INFO 7860 --- [prod-ready-feature] [main] com.zaxxer.hikari.HikariDataSource       : HikariPool-1 - Start completed.
2024-10-12T18:49:59.839+05:30  INFO 7860 --- [prod-ready-feature] [main] o.h.e.c.i.m.AuditMetadataGenerator       : Adding properties for entity: com.codingshuttle.akshay.prod_ready_features.prod_ready_feature.entities.PostEntity
2024-10-12T18:50:01.649+05:30 ERROR 7860 --- [prod-ready-feature] [main] o.h.metamodel.internal.MetadataContext   : HHH015007: Illegal argument on static metamodel field injection : org.hibernate.envers.DefaultRevisionEntity_#class_; expected type :  org.hibernate.metamodel.model.domain.internal.EntityTypeImpl; encountered type : jakarta.persistence.metamodel.MappedSuperclassType
2024-10-12T18:50:01.658+05:30  INFO 7860 --- [prod-ready-feature] [main] o.h.e.t.j.p.i.JtaPlatformInitiator       : HHH000489: No JTA platform available (set 'hibernate.transaction.jta.platform' to enable JTA platform integration)
2024-10-12T18:50:02.402+05:30  INFO 7860 --- [prod-ready-feature] [main] j.LocalContainerEntityManagerFactoryBean : Initialized JPA EntityManagerFactory for persistence unit 'default'
2024-10-12T18:50:03.569+05:30  WARN 7860 --- [prod-ready-feature] [main] JpaBaseConfiguration$JpaWebConfiguration : spring.jpa.open-in-view is enabled by default. Therefore, database queries may be performed during view rendering. Explicitly configure spring.jpa.open-in-view to disable this warning
2024-10-12T18:50:04.295+05:30  INFO 7860 --- [prod-ready-feature] [main] c.a.p.p.ProdReadyFeatureApplicationTests : Started ProdReadyFeatureApplicationTests in 13.351 seconds (process running for 16.302)
2024-10-12T18:50:05.562+05:30 TRACE 7860 --- [prod-ready-feature] [main] c.c.a.p.p.clients.EmployeeClient         : trying to getemployee by id 100000 
2024-10-12T18:50:06.192+05:30 ERROR 7860 --- [prod-ready-feature] [main] c.c.a.p.p.clients.EmployeeClient         : Exception occoured in getEMployee by id org.springframework.web.client.HttpClientErrorException$NotFound: 404 Not Found: "{"timeStamp":"2024-10-12T18:50:06.0604913","data":null,"error":{"status":"NOT_FOUND","message":"Employee not found"}}"
2024-10-12T18:50:06.278+05:30 TRACE 7860 --- [prod-ready-feature] [main] c.c.a.p.p.clients.EmployeeClient         : trying to create new employee with informations EmployeeDTO(id=null, name=Ankit, email=ank@gmail.com, age=29, salary=5000.16, role=USER, dateOfJoining=2020-12-01, isActive=true)
2024-10-12T18:50:06.889+05:30 TRACE 7860 --- [prod-ready-feature] [main] c.c.a.p.p.clients.EmployeeClient         : successfully created the new employee : EmployeeDTO(id=553, name=Ankit, email=ank@gmail.com, age=29, salary=5000.16, role=USER, dateOfJoining=2020-12-01, isActive=true)
2024-10-12T18:50:06.901+05:30 TRACE 7860 --- [prod-ready-feature] [main] c.c.a.p.p.clients.EmployeeClient         : trying to recieve employee details
2024-10-12T18:50:07.036+05:30  INFO 7860 --- [prod-ready-feature] [main] c.c.a.p.p.clients.EmployeeClient         : Successfully retrieved the employees in getALlEMployees
2024-10-12T18:50:07.037+05:30 TRACE 7860 --- [prod-ready-feature] [main] c.c.a.p.p.clients.EmployeeClient         : retrieved emploees list in getallemployees [EmployeeDTO(id=1, name=Mona, email=MonaAnand@gmail.com, age=24, salary=null, role=null, dateOfJoining=2024-01-01, isActive=null), EmployeeDTO(id=102, name=Akki kumar, email=MonaAnand@gmail.com, age=22, salary=null, role=null, dateOfJoining=2024-01-01, isActive=null), EmployeeDTO(id=152, name=Ramesh, email=abc@gmail.com, age=11, salary=null, role=null, dateOfJoining=2023-01-01, isActive=true), EmployeeDTO(id=202, name=Munna, email=abc@gmail.com, age=11, salary=null, role=null, dateOfJoining=2023-01-01, isActive=true), EmployeeDTO(id=252, name=abc, email=abc@gmail.com, age=11, salary=null, role=null, dateOfJoining=2023-01-01, isActive=true), EmployeeDTO(id=253, name=, email=abc@gmail.com, age=11, salary=null, role=null, dateOfJoining=2023-01-01, isActive=true), EmployeeDTO(id=302, name=manish, email=abc@gmail.com, age=21, salary=null, role=USER, dateOfJoining=2023-01-01, isActive=true), EmployeeDTO(id=352, name=mani, email=abc@gmail.com, age=21, salary=null, role=USER, dateOfJoining=2023-01-01, isActive=true), EmployeeDTO(id=353, name=mani, email=abc@gmail.com, age=21, salary=null, role=USER, dateOfJoining=2023-01-01, isActive=true), EmployeeDTO(id=402, name=mani, email=abc@gmail.com, age=21, salary=null, role=USER, dateOfJoining=2023-01-01, isActive=true), EmployeeDTO(id=403, name=mani, email=abc@gmail.com, age=21, salary=123.44, role=USER, dateOfJoining=2023-01-01, isActive=true), EmployeeDTO(id=452, name=monu, email=abc@gmail.com, age=23, salary=123.44, role=USER, dateOfJoining=2023-01-01, isActive=true), EmployeeDTO(id=502, name=Ankit, email=ank@gmail.com, age=20, salary=5000.16, role=USER, dateOfJoining=2020-12-01, isActive=true), EmployeeDTO(id=552, name=Ankit, email=ank@gmail.com, age=29, salary=5000.16, role=USER, dateOfJoining=2020-12-01, isActive=true), EmployeeDTO(id=553, name=Ankit, email=ank@gmail.com, age=29, salary=5000.16, role=USER, dateOfJoining=2020-12-01, isActive=true)] 
2024-10-12T18:50:07.066+05:30  INFO 7860 --- [prod-ready-feature] [SpringApplicationShutdownHook] j.LocalContainerEntityManagerFactoryBean : Closing JPA EntityManagerFactory for persistence unit 'default'
2024-10-12T18:50:07.070+05:30  INFO 7860 --- [prod-ready-feature] [SpringApplicationShutdownHook] com.zaxxer.hikari.HikariDataSource       : HikariPool-1 - Shutdown initiated...
2024-10-12T18:50:07.085+05:30  INFO 7860 --- [prod-ready-feature] [SpringApplicationShutdownHook] com.zaxxer.hikari.HikariDataSource       : HikariPool-1 - Shutdown completed.
