2024-10-13 11:15:04 - INFO - c.c.a.p.p.ProdReadyFeatureApplicationTests - Starting ProdReadyFeatureApplicationTests using Java 22.0.2 with PID 1500 (started by DELL in C:\Users\DELL\Desktop\SpringProjects\prod-ready-feature)
2024-10-13 11:15:04 - INFO - c.c.a.p.p.ProdReadyFeatureApplicationTests - No active profile set, falling back to 1 default profile: "default"
2024-10-13 11:15:12 - INFO - com.zaxxer.hikari.HikariDataSource - HikariPool-1 - Starting...
2024-10-13 11:15:13 - INFO - com.zaxxer.hikari.pool.HikariPool - HikariPool-1 - Added connection com.mysql.cj.jdbc.ConnectionImpl@f01fc6d
2024-10-13 11:15:13 - INFO - com.zaxxer.hikari.HikariDataSource - HikariPool-1 - Start completed.
2024-10-13 11:15:18 - ERROR - o.h.m.internal.MetadataContext - HHH015007: Illegal argument on static metamodel field injection : org.hibernate.envers.DefaultRevisionEntity_#class_; expected type :  org.hibernate.metamodel.model.domain.internal.EntityTypeImpl; encountered type : jakarta.persistence.metamodel.MappedSuperclassType
2024-10-13 11:15:25 - WARN - o.s.b.a.o.j.JpaBaseConfiguration$JpaWebConfiguration - spring.jpa.open-in-view is enabled by default. Therefore, database queries may be performed during view rendering. Explicitly configure spring.jpa.open-in-view to disable this warning
2024-10-13 11:15:29 - INFO - c.c.a.p.p.ProdReadyFeatureApplicationTests - Started ProdReadyFeatureApplicationTests in 26.959 seconds (process running for 30.825)
2024-10-13 11:15:32 - TRACE - c.c.a.p.p.clients.EmployeeClient - trying to getemployee by id 100000 
2024-10-13 11:15:33 - ERROR - c.c.a.p.p.clients.EmployeeClient - Exception occoured in getEMployee by id org.springframework.web.client.ResourceAccessException: I/O error on GET request for "http://localhost:8081/employees/100000": null
2024-10-13 11:15:33 - TRACE - c.c.a.p.p.clients.EmployeeClient - trying to create new employee with informations EmployeeDTO(id=null, name=Ankit, email=ank@gmail.com, age=29, salary=5000.16, role=USER, dateOfJoining=2020-12-01, isActive=true)
2024-10-13 11:15:33 - ERROR - c.c.a.p.p.clients.EmployeeClient - exception occoured in creation of new employe {}
org.springframework.web.client.ResourceAccessException: I/O error on POST request for "http://localhost:8081/employees": null
	at org.springframework.web.client.DefaultRestClient$DefaultRequestBodyUriSpec.createResourceAccessException(DefaultRestClient.java:584)
	at org.springframework.web.client.DefaultRestClient$DefaultRequestBodyUriSpec.exchangeInternal(DefaultRestClient.java:498)
	at org.springframework.web.client.DefaultRestClient$DefaultRequestBodyUriSpec.retrieve(DefaultRestClient.java:458)
	at com.codingshuttle.akshay.prod_ready_features.prod_ready_feature.clients.impl.EmployeeClientImpl.createNewEmployee(EmployeeClientImpl.java:67)
	at com.codingshuttle.akshay.prod_ready_features.prod_ready_feature.ProdReadyFeatureApplicationTests.createNewEmployeeTest(ProdReadyFeatureApplicationTests.java:36)
	at java.base/jdk.internal.reflect.DirectMethodHandleAccessor.invoke(DirectMethodHandleAccessor.java:103)
	at java.base/java.lang.reflect.Method.invoke(Method.java:580)
	at org.junit.platform.commons.util.ReflectionUtils.invokeMethod(ReflectionUtils.java:728)
	at org.junit.jupiter.engine.execution.MethodInvocation.proceed(MethodInvocation.java:60)
	at org.junit.jupiter.engine.execution.InvocationInterceptorChain$ValidatingInvocation.proceed(InvocationInterceptorChain.java:131)
	at org.junit.jupiter.engine.extension.TimeoutExtension.intercept(TimeoutExtension.java:156)
	at org.junit.jupiter.engine.extension.TimeoutExtension.interceptTestableMethod(TimeoutExtension.java:147)
	at org.junit.jupiter.engine.extension.TimeoutExtension.interceptTestMethod(TimeoutExtension.java:86)
	at org.junit.jupiter.engine.execution.InterceptingExecutableInvoker$ReflectiveInterceptorCall.lambda$ofVoidMethod$0(InterceptingExecutableInvoker.java:103)
	at org.junit.jupiter.engine.execution.InterceptingExecutableInvoker.lambda$invoke$0(InterceptingExecutableInvoker.java:93)
	at org.junit.jupiter.engine.execution.InvocationInterceptorChain$InterceptedInvocation.proceed(InvocationInterceptorChain.java:106)
	at org.junit.jupiter.engine.execution.InvocationInterceptorChain.proceed(InvocationInterceptorChain.java:64)
	at org.junit.jupiter.engine.execution.InvocationInterceptorChain.chainAndInvoke(InvocationInterceptorChain.java:45)
	at org.junit.jupiter.engine.execution.InvocationInterceptorChain.invoke(InvocationInterceptorChain.java:37)
	at org.junit.jupiter.engine.execution.InterceptingExecutableInvoker.invoke(InterceptingExecutableInvoker.java:92)
	at org.junit.jupiter.engine.execution.InterceptingExecutableInvoker.invoke(InterceptingExecutableInvoker.java:86)
	at org.junit.jupiter.engine.descriptor.TestMethodTestDescriptor.lambda$invokeTestMethod$7(TestMethodTestDescriptor.java:218)
	at org.junit.platform.engine.support.hierarchical.ThrowableCollector.execute(ThrowableCollector.java:73)
	at org.junit.jupiter.engine.descriptor.TestMethodTestDescriptor.invokeTestMethod(TestMethodTestDescriptor.java:214)
	at org.junit.jupiter.engine.descriptor.TestMethodTestDescriptor.execute(TestMethodTestDescriptor.java:139)
	at org.junit.jupiter.engine.descriptor.TestMethodTestDescriptor.execute(TestMethodTestDescriptor.java:69)
	at org.junit.platform.engine.support.hierarchical.NodeTestTask.lambda$executeRecursively$6(NodeTestTask.java:151)
	at org.junit.platform.engine.support.hierarchical.ThrowableCollector.execute(ThrowableCollector.java:73)
	at org.junit.platform.engine.support.hierarchical.NodeTestTask.lambda$executeRecursively$8(NodeTestTask.java:141)
	at org.junit.platform.engine.support.hierarchical.Node.around(Node.java:137)
	at org.junit.platform.engine.support.hierarchical.NodeTestTask.lambda$executeRecursively$9(NodeTestTask.java:139)
	at org.junit.platform.engine.support.hierarchical.ThrowableCollector.execute(ThrowableCollector.java:73)
	at org.junit.platform.engine.support.hierarchical.NodeTestTask.executeRecursively(NodeTestTask.java:138)
	at org.junit.platform.engine.support.hierarchical.NodeTestTask.execute(NodeTestTask.java:95)
	at java.base/java.util.ArrayList.forEach(ArrayList.java:1597)
	at org.junit.platform.engine.support.hierarchical.SameThreadHierarchicalTestExecutorService.invokeAll(SameThreadHierarchicalTestExecutorService.java:41)
	at org.junit.platform.engine.support.hierarchical.NodeTestTask.lambda$executeRecursively$6(NodeTestTask.java:155)
	at org.junit.platform.engine.support.hierarchical.ThrowableCollector.execute(ThrowableCollector.java:73)
	at org.junit.platform.engine.support.hierarchical.NodeTestTask.lambda$executeRecursively$8(NodeTestTask.java:141)
	at org.junit.platform.engine.support.hierarchical.Node.around(Node.java:137)
	at org.junit.platform.engine.support.hierarchical.NodeTestTask.lambda$executeRecursively$9(NodeTestTask.java:139)
	at org.junit.platform.engine.support.hierarchical.ThrowableCollector.execute(ThrowableCollector.java:73)
	at org.junit.platform.engine.support.hierarchical.NodeTestTask.executeRecursively(NodeTestTask.java:138)
	at org.junit.platform.engine.support.hierarchical.NodeTestTask.execute(NodeTestTask.java:95)
	at java.base/java.util.ArrayList.forEach(ArrayList.java:1597)
	at org.junit.platform.engine.support.hierarchical.SameThreadHierarchicalTestExecutorService.invokeAll(SameThreadHierarchicalTestExecutorService.java:41)
	at org.junit.platform.engine.support.hierarchical.NodeTestTask.lambda$executeRecursively$6(NodeTestTask.java:155)
	at org.junit.platform.engine.support.hierarchical.ThrowableCollector.execute(ThrowableCollector.java:73)
	at org.junit.platform.engine.support.hierarchical.NodeTestTask.lambda$executeRecursively$8(NodeTestTask.java:141)
	at org.junit.platform.engine.support.hierarchical.Node.around(Node.java:137)
	at org.junit.platform.engine.support.hierarchical.NodeTestTask.lambda$executeRecursively$9(NodeTestTask.java:139)
	at org.junit.platform.engine.support.hierarchical.ThrowableCollector.execute(ThrowableCollector.java:73)
	at org.junit.platform.engine.support.hierarchical.NodeTestTask.executeRecursively(NodeTestTask.java:138)
	at org.junit.platform.engine.support.hierarchical.NodeTestTask.execute(NodeTestTask.java:95)
	at org.junit.platform.engine.support.hierarchical.SameThreadHierarchicalTestExecutorService.submit(SameThreadHierarchicalTestExecutorService.java:35)
	at org.junit.platform.engine.support.hierarchical.HierarchicalTestExecutor.execute(HierarchicalTestExecutor.java:57)
	at org.junit.platform.engine.support.hierarchical.HierarchicalTestEngine.execute(HierarchicalTestEngine.java:54)
	at org.junit.platform.launcher.core.EngineExecutionOrchestrator.execute(EngineExecutionOrchestrator.java:198)
	at org.junit.platform.launcher.core.EngineExecutionOrchestrator.execute(EngineExecutionOrchestrator.java:169)
	at org.junit.platform.launcher.core.EngineExecutionOrchestrator.execute(EngineExecutionOrchestrator.java:93)
	at org.junit.platform.launcher.core.EngineExecutionOrchestrator.lambda$execute$0(EngineExecutionOrchestrator.java:58)
	at org.junit.platform.launcher.core.EngineExecutionOrchestrator.withInterceptedStreams(EngineExecutionOrchestrator.java:141)
	at org.junit.platform.launcher.core.EngineExecutionOrchestrator.execute(EngineExecutionOrchestrator.java:57)
	at org.junit.platform.launcher.core.DefaultLauncher.execute(DefaultLauncher.java:103)
	at org.junit.platform.launcher.core.DefaultLauncher.execute(DefaultLauncher.java:85)
	at org.junit.platform.launcher.core.DelegatingLauncher.execute(DelegatingLauncher.java:47)
	at org.junit.platform.launcher.core.SessionPerRequestLauncher.execute(SessionPerRequestLauncher.java:63)
	at com.intellij.junit5.JUnit5IdeaTestRunner.startRunnerWithArgs(JUnit5IdeaTestRunner.java:57)
	at com.intellij.rt.junit.IdeaTestRunner$Repeater$1.execute(IdeaTestRunner.java:38)
	at com.intellij.rt.execution.junit.TestsRepeater.repeat(TestsRepeater.java:11)
	at com.intellij.rt.junit.IdeaTestRunner$Repeater.startRunnerWithArgs(IdeaTestRunner.java:35)
	at com.intellij.rt.junit.JUnitStarter.prepareStreamsAndStart(JUnitStarter.java:232)
	at com.intellij.rt.junit.JUnitStarter.main(JUnitStarter.java:55)
Caused by: java.net.ConnectException: null
	at java.net.http/jdk.internal.net.http.HttpClientImpl.send(HttpClientImpl.java:956)
	at java.net.http/jdk.internal.net.http.HttpClientFacade.send(HttpClientFacade.java:133)
	at org.springframework.http.client.JdkClientHttpRequest.executeInternal(JdkClientHttpRequest.java:102)
	at org.springframework.http.client.AbstractStreamingClientHttpRequest.executeInternal(AbstractStreamingClientHttpRequest.java:70)
	at org.springframework.http.client.AbstractClientHttpRequest.execute(AbstractClientHttpRequest.java:66)
	at org.springframework.web.client.DefaultRestClient$DefaultRequestBodyUriSpec.exchangeInternal(DefaultRestClient.java:492)
	... 71 common frames omitted
Caused by: java.net.ConnectException: null
	at java.net.http/jdk.internal.net.http.common.Utils.toConnectException(Utils.java:1065)
	at java.net.http/jdk.internal.net.http.PlainHttpConnection.connectAsync(PlainHttpConnection.java:227)
	at java.net.http/jdk.internal.net.http.PlainHttpConnection.checkRetryConnect(PlainHttpConnection.java:280)
	at java.net.http/jdk.internal.net.http.PlainHttpConnection.lambda$connectAsync$2(PlainHttpConnection.java:238)
	at java.base/java.util.concurrent.CompletableFuture.uniHandle(CompletableFuture.java:934)
	at java.base/java.util.concurrent.CompletableFuture$UniHandle.tryFire(CompletableFuture.java:911)
	at java.base/java.util.concurrent.CompletableFuture.postComplete(CompletableFuture.java:510)
	at java.base/java.util.concurrent.CompletableFuture$AsyncSupply.run(CompletableFuture.java:1773)
	at java.base/java.util.concurrent.ThreadPoolExecutor.runWorker(ThreadPoolExecutor.java:1144)
	at java.base/java.util.concurrent.ThreadPoolExecutor$Worker.run(ThreadPoolExecutor.java:642)
	at java.base/java.lang.Thread.run(Thread.java:1570)
Caused by: java.nio.channels.ClosedChannelException: null
	at java.base/sun.nio.ch.SocketChannelImpl.ensureOpen(SocketChannelImpl.java:204)
	at java.base/sun.nio.ch.SocketChannelImpl.beginConnect(SocketChannelImpl.java:873)
	at java.base/sun.nio.ch.SocketChannelImpl.connect(SocketChannelImpl.java:961)
	at java.net.http/jdk.internal.net.http.PlainHttpConnection.lambda$connectAsync$1(PlainHttpConnection.java:210)
	at java.base/java.security.AccessController.doPrivileged(AccessController.java:571)
	at java.net.http/jdk.internal.net.http.PlainHttpConnection.connectAsync(PlainHttpConnection.java:212)
	... 9 common frames omitted
2024-10-13 11:15:33 - TRACE - c.c.a.p.p.clients.EmployeeClient - trying to recieve employee details
2024-10-13 11:15:33 - ERROR - c.c.a.p.p.clients.EmployeeClient - Exception occoured in getAllEMployee org.springframework.web.client.ResourceAccessException: I/O error on GET request for "http://localhost:8081/employees": null
2024-10-13 11:15:33 - INFO - com.zaxxer.hikari.HikariDataSource - HikariPool-1 - Shutdown initiated...
2024-10-13 11:15:33 - INFO - com.zaxxer.hikari.HikariDataSource - HikariPool-1 - Shutdown completed.
2024-10-13 11:17:01 - INFO - c.c.a.p.p.ProdReadyFeatureApplicationTests - Starting ProdReadyFeatureApplicationTests using Java 22.0.2 with PID 2108 (started by DELL in C:\Users\DELL\Desktop\SpringProjects\prod-ready-feature)
2024-10-13 11:17:01 - INFO - c.c.a.p.p.ProdReadyFeatureApplicationTests - No active profile set, falling back to 1 default profile: "default"
2024-10-13 11:17:07 - INFO - com.zaxxer.hikari.HikariDataSource - HikariPool-1 - Starting...
2024-10-13 11:17:08 - INFO - com.zaxxer.hikari.pool.HikariPool - HikariPool-1 - Added connection com.mysql.cj.jdbc.ConnectionImpl@5358c8fa
2024-10-13 11:17:08 - INFO - com.zaxxer.hikari.HikariDataSource - HikariPool-1 - Start completed.
2024-10-13 11:17:10 - ERROR - o.h.m.internal.MetadataContext - HHH015007: Illegal argument on static metamodel field injection : org.hibernate.envers.DefaultRevisionEntity_#class_; expected type :  org.hibernate.metamodel.model.domain.internal.EntityTypeImpl; encountered type : jakarta.persistence.metamodel.MappedSuperclassType
2024-10-13 11:17:14 - WARN - o.s.b.a.o.j.JpaBaseConfiguration$JpaWebConfiguration - spring.jpa.open-in-view is enabled by default. Therefore, database queries may be performed during view rendering. Explicitly configure spring.jpa.open-in-view to disable this warning
2024-10-13 11:17:16 - INFO - c.c.a.p.p.ProdReadyFeatureApplicationTests - Started ProdReadyFeatureApplicationTests in 15.602 seconds (process running for 18.419)
2024-10-13 11:17:17 - INFO - com.zaxxer.hikari.HikariDataSource - HikariPool-1 - Shutdown initiated...
2024-10-13 11:17:17 - INFO - com.zaxxer.hikari.HikariDataSource - HikariPool-1 - Shutdown completed.
2024-10-13 11:18:26 - INFO - c.c.a.p.p.ProdReadyFeatureApplication - Starting ProdReadyFeatureApplication using Java 22.0.2 with PID 7216 (C:\Users\DELL\Desktop\SpringProjects\prod-ready-feature\target\classes started by DELL in C:\Users\DELL\Desktop\SpringProjects\prod-ready-feature)
2024-10-13 11:18:26 - INFO - c.c.a.p.p.ProdReadyFeatureApplication - No active profile set, falling back to 1 default profile: "default"
2024-10-13 11:18:31 - INFO - o.a.coyote.http11.Http11NioProtocol - Initializing ProtocolHandler ["http-nio-8082"]
2024-10-13 11:18:31 - INFO - o.a.catalina.core.StandardService - Starting service [Tomcat]
2024-10-13 11:18:31 - INFO - o.a.catalina.core.StandardEngine - Starting Servlet engine: [Apache Tomcat/10.1.30]
2024-10-13 11:18:31 - INFO - o.a.c.c.C.[Tomcat].[localhost].[/] - Initializing Spring embedded WebApplicationContext
2024-10-13 11:18:34 - INFO - com.zaxxer.hikari.HikariDataSource - HikariPool-1 - Starting...
2024-10-13 11:18:34 - INFO - com.zaxxer.hikari.pool.HikariPool - HikariPool-1 - Added connection com.mysql.cj.jdbc.ConnectionImpl@3fd27f2f
2024-10-13 11:18:34 - INFO - com.zaxxer.hikari.HikariDataSource - HikariPool-1 - Start completed.
2024-10-13 11:18:37 - ERROR - o.h.m.internal.MetadataContext - HHH015007: Illegal argument on static metamodel field injection : org.hibernate.envers.DefaultRevisionEntity_#class_; expected type :  org.hibernate.metamodel.model.domain.internal.EntityTypeImpl; encountered type : jakarta.persistence.metamodel.MappedSuperclassType
2024-10-13 11:18:40 - WARN - o.s.b.a.o.j.JpaBaseConfiguration$JpaWebConfiguration - spring.jpa.open-in-view is enabled by default. Therefore, database queries may be performed during view rendering. Explicitly configure spring.jpa.open-in-view to disable this warning
2024-10-13 11:18:42 - INFO - o.a.coyote.http11.Http11NioProtocol - Starting ProtocolHandler ["http-nio-8082"]
2024-10-13 11:18:42 - INFO - c.c.a.p.p.ProdReadyFeatureApplication - Started ProdReadyFeatureApplication in 17.733 seconds (process running for 19.261)
2024-10-13 11:19:03 - INFO - o.a.c.c.C.[Tomcat].[localhost].[/] - Initializing Spring DispatcherServlet 'dispatcherServlet'
2024-10-13 11:21:32 - INFO - com.zaxxer.hikari.HikariDataSource - HikariPool-1 - Shutdown initiated...
2024-10-13 11:21:32 - INFO - com.zaxxer.hikari.HikariDataSource - HikariPool-1 - Shutdown completed.
2024-10-13 11:21:39 - INFO - c.c.a.p.p.ProdReadyFeatureApplication - Starting ProdReadyFeatureApplication using Java 22.0.2 with PID 3548 (C:\Users\DELL\Desktop\SpringProjects\prod-ready-feature\target\classes started by DELL in C:\Users\DELL\Desktop\SpringProjects\prod-ready-feature)
2024-10-13 11:21:39 - INFO - c.c.a.p.p.ProdReadyFeatureApplication - No active profile set, falling back to 1 default profile: "default"
2024-10-13 11:21:45 - INFO - o.a.coyote.http11.Http11NioProtocol - Initializing ProtocolHandler ["http-nio-8082"]
2024-10-13 11:21:45 - INFO - o.a.catalina.core.StandardService - Starting service [Tomcat]
2024-10-13 11:21:45 - INFO - o.a.catalina.core.StandardEngine - Starting Servlet engine: [Apache Tomcat/10.1.30]
2024-10-13 11:21:45 - INFO - o.a.c.c.C.[Tomcat].[localhost].[/] - Initializing Spring embedded WebApplicationContext
2024-10-13 11:21:48 - INFO - com.zaxxer.hikari.HikariDataSource - HikariPool-1 - Starting...
2024-10-13 11:21:48 - INFO - com.zaxxer.hikari.pool.HikariPool - HikariPool-1 - Added connection com.mysql.cj.jdbc.ConnectionImpl@75446974
2024-10-13 11:21:48 - INFO - com.zaxxer.hikari.HikariDataSource - HikariPool-1 - Start completed.
2024-10-13 11:21:51 - ERROR - o.h.m.internal.MetadataContext - HHH015007: Illegal argument on static metamodel field injection : org.hibernate.envers.DefaultRevisionEntity_#class_; expected type :  org.hibernate.metamodel.model.domain.internal.EntityTypeImpl; encountered type : jakarta.persistence.metamodel.MappedSuperclassType
2024-10-13 11:21:54 - WARN - o.s.b.a.o.j.JpaBaseConfiguration$JpaWebConfiguration - spring.jpa.open-in-view is enabled by default. Therefore, database queries may be performed during view rendering. Explicitly configure spring.jpa.open-in-view to disable this warning
2024-10-13 11:21:56 - INFO - o.a.coyote.http11.Http11NioProtocol - Starting ProtocolHandler ["http-nio-8082"]
2024-10-13 11:21:56 - INFO - c.c.a.p.p.ProdReadyFeatureApplication - Started ProdReadyFeatureApplication in 18.396 seconds (process running for 19.825)
2024-10-13 11:22:01 - INFO - o.a.c.c.C.[Tomcat].[localhost].[/] - Initializing Spring DispatcherServlet 'dispatcherServlet'
2024-10-13 11:25:56 - INFO - com.zaxxer.hikari.HikariDataSource - HikariPool-1 - Shutdown initiated...
2024-10-13 11:25:57 - INFO - com.zaxxer.hikari.HikariDataSource - HikariPool-1 - Shutdown completed.
2024-10-13 11:26:03 - INFO - c.c.a.p.p.ProdReadyFeatureApplication - Starting ProdReadyFeatureApplication using Java 22.0.2 with PID 6212 (C:\Users\DELL\Desktop\SpringProjects\prod-ready-feature\target\classes started by DELL in C:\Users\DELL\Desktop\SpringProjects\prod-ready-feature)
2024-10-13 11:26:03 - INFO - c.c.a.p.p.ProdReadyFeatureApplication - No active profile set, falling back to 1 default profile: "default"
2024-10-13 11:26:09 - INFO - o.a.coyote.http11.Http11NioProtocol - Initializing ProtocolHandler ["http-nio-8082"]
2024-10-13 11:26:09 - INFO - o.a.catalina.core.StandardService - Starting service [Tomcat]
2024-10-13 11:26:09 - INFO - o.a.catalina.core.StandardEngine - Starting Servlet engine: [Apache Tomcat/10.1.30]
2024-10-13 11:26:10 - INFO - o.a.c.c.C.[Tomcat].[localhost].[/] - Initializing Spring embedded WebApplicationContext
2024-10-13 11:26:12 - INFO - com.zaxxer.hikari.HikariDataSource - HikariPool-1 - Starting...
2024-10-13 11:26:13 - INFO - com.zaxxer.hikari.pool.HikariPool - HikariPool-1 - Added connection com.mysql.cj.jdbc.ConnectionImpl@17768a7b
2024-10-13 11:26:13 - INFO - com.zaxxer.hikari.HikariDataSource - HikariPool-1 - Start completed.
2024-10-13 11:26:15 - ERROR - o.h.m.internal.MetadataContext - HHH015007: Illegal argument on static metamodel field injection : org.hibernate.envers.DefaultRevisionEntity_#class_; expected type :  org.hibernate.metamodel.model.domain.internal.EntityTypeImpl; encountered type : jakarta.persistence.metamodel.MappedSuperclassType
2024-10-13 11:26:17 - WARN - o.s.b.a.o.j.JpaBaseConfiguration$JpaWebConfiguration - spring.jpa.open-in-view is enabled by default. Therefore, database queries may be performed during view rendering. Explicitly configure spring.jpa.open-in-view to disable this warning
2024-10-13 11:26:19 - INFO - o.a.coyote.http11.Http11NioProtocol - Starting ProtocolHandler ["http-nio-8082"]
2024-10-13 11:26:19 - INFO - c.c.a.p.p.ProdReadyFeatureApplication - Started ProdReadyFeatureApplication in 17.734 seconds (process running for 19.153)
2024-10-13 11:26:30 - INFO - o.a.c.c.C.[Tomcat].[localhost].[/] - Initializing Spring DispatcherServlet 'dispatcherServlet'
2024-10-13 11:27:34 - INFO - c.c.a.p.p.ProdReadyFeatureApplication - Starting ProdReadyFeatureApplication using Java 22.0.2 with PID 9180 (C:\Users\DELL\Desktop\SpringProjects\prod-ready-feature\target\classes started by DELL in C:\Users\DELL\Desktop\SpringProjects\prod-ready-feature)
2024-10-13 11:27:34 - INFO - c.c.a.p.p.ProdReadyFeatureApplication - No active profile set, falling back to 1 default profile: "default"
2024-10-13 11:27:42 - INFO - o.a.coyote.http11.Http11NioProtocol - Initializing ProtocolHandler ["http-nio-8082"]
2024-10-13 11:27:42 - INFO - o.a.catalina.core.StandardService - Starting service [Tomcat]
2024-10-13 11:27:42 - INFO - o.a.catalina.core.StandardEngine - Starting Servlet engine: [Apache Tomcat/10.1.30]
2024-10-13 11:27:42 - INFO - o.a.c.c.C.[Tomcat].[localhost].[/] - Initializing Spring embedded WebApplicationContext
2024-10-13 11:27:46 - INFO - com.zaxxer.hikari.HikariDataSource - HikariPool-1 - Starting...
2024-10-13 11:27:46 - INFO - com.zaxxer.hikari.pool.HikariPool - HikariPool-1 - Added connection com.mysql.cj.jdbc.ConnectionImpl@26937fd2
2024-10-13 11:27:46 - INFO - com.zaxxer.hikari.HikariDataSource - HikariPool-1 - Start completed.
2024-10-13 11:27:50 - ERROR - o.h.m.internal.MetadataContext - HHH015007: Illegal argument on static metamodel field injection : org.hibernate.envers.DefaultRevisionEntity_#class_; expected type :  org.hibernate.metamodel.model.domain.internal.EntityTypeImpl; encountered type : jakarta.persistence.metamodel.MappedSuperclassType
2024-10-13 11:27:52 - WARN - o.s.b.a.o.j.JpaBaseConfiguration$JpaWebConfiguration - spring.jpa.open-in-view is enabled by default. Therefore, database queries may be performed during view rendering. Explicitly configure spring.jpa.open-in-view to disable this warning
2024-10-13 11:27:55 - INFO - o.a.coyote.http11.Http11NioProtocol - Starting ProtocolHandler ["http-nio-8082"]
2024-10-13 11:27:55 - INFO - c.c.a.p.p.ProdReadyFeatureApplication - Started ProdReadyFeatureApplication in 22.477 seconds (process running for 23.879)
2024-10-13 11:27:57 - INFO - o.a.c.c.C.[Tomcat].[localhost].[/] - Initializing Spring DispatcherServlet 'dispatcherServlet'
2024-10-13 11:30:23 - INFO - com.zaxxer.hikari.HikariDataSource - HikariPool-1 - Shutdown initiated...
2024-10-13 11:30:23 - INFO - com.zaxxer.hikari.HikariDataSource - HikariPool-1 - Shutdown completed.
2024-10-13 11:30:29 - INFO - c.c.a.p.p.ProdReadyFeatureApplication - Starting ProdReadyFeatureApplication using Java 22.0.2 with PID 6780 (C:\Users\DELL\Desktop\SpringProjects\prod-ready-feature\target\classes started by DELL in C:\Users\DELL\Desktop\SpringProjects\prod-ready-feature)
2024-10-13 11:30:29 - INFO - c.c.a.p.p.ProdReadyFeatureApplication - No active profile set, falling back to 1 default profile: "default"
2024-10-13 11:30:34 - INFO - o.a.coyote.http11.Http11NioProtocol - Initializing ProtocolHandler ["http-nio-8082"]
2024-10-13 11:30:34 - INFO - o.a.catalina.core.StandardService - Starting service [Tomcat]
2024-10-13 11:30:34 - INFO - o.a.catalina.core.StandardEngine - Starting Servlet engine: [Apache Tomcat/10.1.30]
2024-10-13 11:30:35 - INFO - o.a.c.c.C.[Tomcat].[localhost].[/] - Initializing Spring embedded WebApplicationContext
2024-10-13 11:30:37 - INFO - com.zaxxer.hikari.HikariDataSource - HikariPool-1 - Starting...
2024-10-13 11:30:37 - INFO - com.zaxxer.hikari.pool.HikariPool - HikariPool-1 - Added connection com.mysql.cj.jdbc.ConnectionImpl@23441053
2024-10-13 11:30:37 - INFO - com.zaxxer.hikari.HikariDataSource - HikariPool-1 - Start completed.
2024-10-13 11:30:40 - ERROR - o.h.m.internal.MetadataContext - HHH015007: Illegal argument on static metamodel field injection : org.hibernate.envers.DefaultRevisionEntity_#class_; expected type :  org.hibernate.metamodel.model.domain.internal.EntityTypeImpl; encountered type : jakarta.persistence.metamodel.MappedSuperclassType
2024-10-13 11:30:42 - WARN - o.s.b.a.o.j.JpaBaseConfiguration$JpaWebConfiguration - spring.jpa.open-in-view is enabled by default. Therefore, database queries may be performed during view rendering. Explicitly configure spring.jpa.open-in-view to disable this warning
2024-10-13 11:30:44 - INFO - o.a.coyote.http11.Http11NioProtocol - Starting ProtocolHandler ["http-nio-8082"]
2024-10-13 11:30:44 - INFO - c.c.a.p.p.ProdReadyFeatureApplication - Started ProdReadyFeatureApplication in 16.582 seconds (process running for 17.986)
2024-10-13 11:30:48 - INFO - o.a.c.c.C.[Tomcat].[localhost].[/] - Initializing Spring DispatcherServlet 'dispatcherServlet'
2024-10-13 11:32:42 - INFO - com.zaxxer.hikari.HikariDataSource - HikariPool-1 - Shutdown initiated...
2024-10-13 11:32:42 - INFO - com.zaxxer.hikari.HikariDataSource - HikariPool-1 - Shutdown completed.
2024-10-13 11:32:50 - INFO - c.c.a.p.p.ProdReadyFeatureApplication - Starting ProdReadyFeatureApplication using Java 22.0.2 with PID 12312 (C:\Users\DELL\Desktop\SpringProjects\prod-ready-feature\target\classes started by DELL in C:\Users\DELL\Desktop\SpringProjects\prod-ready-feature)
2024-10-13 11:32:50 - INFO - c.c.a.p.p.ProdReadyFeatureApplication - No active profile set, falling back to 1 default profile: "default"
2024-10-13 11:32:57 - INFO - o.a.coyote.http11.Http11NioProtocol - Initializing ProtocolHandler ["http-nio-8082"]
2024-10-13 11:32:57 - INFO - o.a.catalina.core.StandardService - Starting service [Tomcat]
2024-10-13 11:32:57 - INFO - o.a.catalina.core.StandardEngine - Starting Servlet engine: [Apache Tomcat/10.1.30]
2024-10-13 11:32:57 - INFO - o.a.c.c.C.[Tomcat].[localhost].[/] - Initializing Spring embedded WebApplicationContext
2024-10-13 11:33:00 - INFO - com.zaxxer.hikari.HikariDataSource - HikariPool-1 - Starting...
2024-10-13 11:33:00 - INFO - com.zaxxer.hikari.pool.HikariPool - HikariPool-1 - Added connection com.mysql.cj.jdbc.ConnectionImpl@9fa248a
2024-10-13 11:33:00 - INFO - com.zaxxer.hikari.HikariDataSource - HikariPool-1 - Start completed.
2024-10-13 11:33:03 - ERROR - o.h.m.internal.MetadataContext - HHH015007: Illegal argument on static metamodel field injection : org.hibernate.envers.DefaultRevisionEntity_#class_; expected type :  org.hibernate.metamodel.model.domain.internal.EntityTypeImpl; encountered type : jakarta.persistence.metamodel.MappedSuperclassType
2024-10-13 11:33:06 - WARN - o.s.b.a.o.j.JpaBaseConfiguration$JpaWebConfiguration - spring.jpa.open-in-view is enabled by default. Therefore, database queries may be performed during view rendering. Explicitly configure spring.jpa.open-in-view to disable this warning
2024-10-13 11:33:09 - INFO - o.a.coyote.http11.Http11NioProtocol - Starting ProtocolHandler ["http-nio-8082"]
2024-10-13 11:33:09 - INFO - c.c.a.p.p.ProdReadyFeatureApplication - Started ProdReadyFeatureApplication in 20.88 seconds (process running for 22.402)
2024-10-13 11:33:14 - INFO - o.a.c.c.C.[Tomcat].[localhost].[/] - Initializing Spring DispatcherServlet 'dispatcherServlet'
2024-10-13 12:04:30 - INFO - o.a.coyote.http11.Http11NioProtocol - Stopping ProtocolHandler ["http-nio-8082"]
2024-10-13 12:04:30 - INFO - com.zaxxer.hikari.HikariDataSource - HikariPool-1 - Shutdown initiated...
2024-10-13 12:04:30 - INFO - com.zaxxer.hikari.HikariDataSource - HikariPool-1 - Shutdown completed.
2024-10-13 12:04:32 - INFO - c.c.a.p.p.ProdReadyFeatureApplication - Starting ProdReadyFeatureApplication using Java 22.0.2 with PID 12312 (C:\Users\DELL\Desktop\SpringProjects\prod-ready-feature\target\classes started by DELL in C:\Users\DELL\Desktop\SpringProjects\prod-ready-feature)
2024-10-13 12:04:32 - INFO - c.c.a.p.p.ProdReadyFeatureApplication - No active profile set, falling back to 1 default profile: "default"
2024-10-13 12:04:34 - INFO - o.a.coyote.http11.Http11NioProtocol - Initializing ProtocolHandler ["http-nio-8082"]
2024-10-13 12:04:34 - INFO - o.a.catalina.core.StandardService - Starting service [Tomcat]
2024-10-13 12:04:34 - INFO - o.a.catalina.core.StandardEngine - Starting Servlet engine: [Apache Tomcat/10.1.30]
2024-10-13 12:04:34 - INFO - o.a.c.c.C.[Tomcat].[localhost].[/] - Initializing Spring embedded WebApplicationContext
2024-10-13 12:04:34 - INFO - com.zaxxer.hikari.HikariDataSource - HikariPool-2 - Starting...
2024-10-13 12:04:35 - INFO - com.zaxxer.hikari.pool.HikariPool - HikariPool-2 - Added connection com.mysql.cj.jdbc.ConnectionImpl@676550a1
2024-10-13 12:04:35 - INFO - com.zaxxer.hikari.HikariDataSource - HikariPool-2 - Start completed.
2024-10-13 12:04:35 - WARN - o.s.b.a.o.j.JpaBaseConfiguration$JpaWebConfiguration - spring.jpa.open-in-view is enabled by default. Therefore, database queries may be performed during view rendering. Explicitly configure spring.jpa.open-in-view to disable this warning
2024-10-13 12:04:37 - INFO - o.a.coyote.http11.Http11NioProtocol - Starting ProtocolHandler ["http-nio-8082"]
2024-10-13 12:04:37 - INFO - c.c.a.p.p.ProdReadyFeatureApplication - Started ProdReadyFeatureApplication in 5.87 seconds (process running for 1911.059)
2024-10-13 12:04:42 - INFO - com.zaxxer.hikari.HikariDataSource - HikariPool-2 - Shutdown initiated...
2024-10-13 12:04:42 - INFO - com.zaxxer.hikari.HikariDataSource - HikariPool-2 - Shutdown completed.
